# JRE version: Java(TM) SE Runtime Environment (7.0_51-b13) (build 1.7.0_51-b13)
# Java VM: Java HotSpot(TM) 64-Bit Server VM (24.51-b03 mixed mode windows-amd64 compressed oops)
Heap
 PSYoungGen      total 35328K, used 25230K [0x00000000eb400000, 0x00000000ed900000, 0x0000000100000000)
  eden space 32768K, 69% used [0x00000000eb400000,0x00000000eca28c48,0x00000000ed400000)
  from space 2560K, 99% used [0x00000000ed400000,0x00000000ed67abc0,0x00000000ed680000)
  to   space 2560K, 0% used [0x00000000ed680000,0x00000000ed680000,0x00000000ed900000)
 ParOldGen       total 57856K, used 25601K [0x00000000c1c00000, 0x00000000c5480000, 0x00000000eb400000)
  object space 57856K, 44% used [0x00000000c1c00000,0x00000000c3500420,0x00000000c5480000)
 PSPermGen       total 36352K, used 22811K [0x00000000bca00000, 0x00000000bed80000, 0x00000000c1c00000)
  object space 36352K, 62% used [0x00000000bca00000,0x00000000be046de8,0x00000000bed80000)
GC Heap History (10 events):
Event: 2.061 GC heap before
{Heap before GC invocations=6 (full 0):
 PSYoungGen      total 35328K, used 35298K [0x00000000eb400000, 0x00000000ed900000, 0x0000000100000000)
  eden space 32768K, 100% used [0x00000000eb400000,0x00000000ed400000,0x00000000ed400000)
  from space 2560K, 98% used [0x00000000ed400000,0x00000000ed678af0,0x00000000ed680000)
  to   space 2560K, 0% used [0x00000000ed680000,0x00000000ed680000,0x00000000ed900000)
 ParOldGen       total 42496K, used 17438K [0x00000000c1c00000, 0x00000000c4580000, 0x00000000eb400000)
  object space 42496K, 41% used [0x00000000c1c00000,0x00000000c2d07830,0x00000000c4580000)
 PSPermGen       total 21504K, used 13244K [0x00000000bca00000, 0x00000000bdf00000, 0x00000000c1c00000)
  object space 21504K, 61% used [0x00000000bca00000,0x00000000bd6ef1c0,0x00000000bdf00000)
Event: 2.074 GC heap after
Heap after GC invocations=6 (full 0):
 PSYoungGen      total 35328K, used 2530K [0x00000000eb400000, 0x00000000ed900000, 0x0000000100000000)
  eden space 32768K, 0% used [0x00000000eb400000,0x00000000eb400000,0x00000000ed400000)
  from space 2560K, 98% used [0x00000000ed680000,0x00000000ed8f8b70,0x00000000ed900000)
  to   space 2560K, 0% used [0x00000000ed400000,0x00000000ed400000,0x00000000ed680000)
 ParOldGen       total 42496K, used 27786K [0x00000000c1c00000, 0x00000000c4580000, 0x00000000eb400000)
  object space 42496K, 65% used [0x00000000c1c00000,0x00000000c3722a20,0x00000000c4580000)
 PSPermGen       total 21504K, used 13244K [0x00000000bca00000, 0x00000000bdf00000, 0x00000000c1c00000)
  object space 21504K, 61% used [0x00000000bca00000,0x00000000bd6ef1c0,0x00000000bdf00000)
}
Event: 2.458 GC heap before
{Heap before GC invocations=7 (full 0):
 PSYoungGen      total 35328K, used 35298K [0x00000000eb400000, 0x00000000ed900000, 0x0000000100000000)
  eden space 32768K, 100% used [0x00000000eb400000,0x00000000ed400000,0x00000000ed400000)
  from space 2560K, 98% used [0x00000000ed680000,0x00000000ed8f8b70,0x00000000ed900000)
  to   space 2560K, 0% used [0x00000000ed400000,0x00000000ed400000,0x00000000ed680000)
 ParOldGen       total 42496K, used 27786K [0x00000000c1c00000, 0x00000000c4580000, 0x00000000eb400000)
  object space 42496K, 65% used [0x00000000c1c00000,0x00000000c3722a20,0x00000000c4580000)
 PSPermGen       total 21504K, used 16335K [0x00000000bca00000, 0x00000000bdf00000, 0x00000000c1c00000)
  object space 21504K, 75% used [0x00000000bca00000,0x00000000bd9f3e38,0x00000000bdf00000)
Event: 2.471 GC heap after
Heap after GC invocations=7 (full 0):
 PSYoungGen      total 35328K, used 2528K [0x00000000eb400000, 0x00000000ed900000, 0x0000000100000000)
  eden space 32768K, 0% used [0x00000000eb400000,0x00000000eb400000,0x00000000ed400000)
  from space 2560K, 98% used [0x00000000ed400000,0x00000000ed678040,0x00000000ed680000)
  to   space 2560K, 0% used [0x00000000ed680000,0x00000000ed680000,0x00000000ed900000)
 ParOldGen       total 42496K, used 33123K [0x00000000c1c00000, 0x00000000c4580000, 0x00000000eb400000)
  object space 42496K, 77% used [0x00000000c1c00000,0x00000000c3c58cb0,0x00000000c4580000)
 PSPermGen       total 21504K, used 16335K [0x00000000bca00000, 0x00000000bdf00000, 0x00000000c1c00000)
  object space 21504K, 75% used [0x00000000bca00000,0x00000000bd9f3e38,0x00000000bdf00000)
}
Event: 2.910 GC heap before
{Heap before GC invocations=8 (full 0):
 PSYoungGen      total 35328K, used 35296K [0x00000000eb400000, 0x00000000ed900000, 0x0000000100000000)
  eden space 32768K, 100% used [0x00000000eb400000,0x00000000ed400000,0x00000000ed400000)
  from space 2560K, 98% used [0x00000000ed400000,0x00000000ed678040,0x00000000ed680000)
  to   space 2560K, 0% used [0x00000000ed680000,0x00000000ed680000,0x00000000ed900000)
 ParOldGen       total 42496K, used 33123K [0x00000000c1c00000, 0x00000000c4580000, 0x00000000eb400000)
  object space 42496K, 77% used [0x00000000c1c00000,0x00000000c3c58cb0,0x00000000c4580000)
 PSPermGen       total 21504K, used 17927K [0x00000000bca00000, 0x00000000bdf00000, 0x00000000c1c00000)
  object space 21504K, 83% used [0x00000000bca00000,0x00000000bdb81ff8,0x00000000bdf00000)
Event: 2.917 GC heap after
Heap after GC invocations=8 (full 0):
 PSYoungGen      total 35328K, used 2528K [0x00000000eb400000, 0x00000000ed900000, 0x0000000100000000)
  eden space 32768K, 0% used [0x00000000eb400000,0x00000000eb400000,0x00000000ed400000)
  from space 2560K, 98% used [0x00000000ed680000,0x00000000ed8f8030,0x00000000ed900000)
  to   space 2560K, 0% used [0x00000000ed400000,0x00000000ed400000,0x00000000ed680000)
 ParOldGen       total 42496K, used 37063K [0x00000000c1c00000, 0x00000000c4580000, 0x00000000eb400000)
  object space 42496K, 87% used [0x00000000c1c00000,0x00000000c4031c98,0x00000000c4580000)
 PSPermGen       total 21504K, used 17927K [0x00000000bca00000, 0x00000000bdf00000, 0x00000000c1c00000)
  object space 21504K, 83% used [0x00000000bca00000,0x00000000bdb81ff8,0x00000000bdf00000)
}
Event: 2.917 GC heap before
{Heap before GC invocations=9 (full 1):
 PSYoungGen      total 35328K, used 2528K [0x00000000eb400000, 0x00000000ed900000, 0x0000000100000000)
  eden space 32768K, 0% used [0x00000000eb400000,0x00000000eb400000,0x00000000ed400000)
  from space 2560K, 98% used [0x00000000ed680000,0x00000000ed8f8030,0x00000000ed900000)
  to   space 2560K, 0% used [0x00000000ed400000,0x00000000ed400000,0x00000000ed680000)
 ParOldGen       total 42496K, used 37063K [0x00000000c1c00000, 0x00000000c4580000, 0x00000000eb400000)
  object space 42496K, 87% used [0x00000000c1c00000,0x00000000c4031c98,0x00000000c4580000)
 PSPermGen       total 21504K, used 17927K [0x00000000bca00000, 0x00000000bdf00000, 0x00000000c1c00000)
  object space 21504K, 83% used [0x00000000bca00000,0x00000000bdb81ff8,0x00000000bdf00000)
Event: 3.010 GC heap after
Heap after GC invocations=9 (full 1):
 PSYoungGen      total 35328K, used 0K [0x00000000eb400000, 0x00000000ed900000, 0x0000000100000000)
  eden space 32768K, 0% used [0x00000000eb400000,0x00000000eb400000,0x00000000ed400000)
  from space 2560K, 0% used [0x00000000ed680000,0x00000000ed680000,0x00000000ed900000)
  to   space 2560K, 0% used [0x00000000ed400000,0x00000000ed400000,0x00000000ed680000)
 ParOldGen       total 57856K, used 22368K [0x00000000c1c00000, 0x00000000c5480000, 0x00000000eb400000)
  object space 57856K, 38% used [0x00000000c1c00000,0x00000000c31d80a0,0x00000000c5480000)
 PSPermGen       total 36352K, used 17916K [0x00000000bca00000, 0x00000000bed80000, 0x00000000c1c00000)
  object space 36352K, 49% used [0x00000000bca00000,0x00000000bdb7f018,0x00000000bed80000)
}
Event: 3.363 GC heap before
{Heap before GC invocations=10 (full 1):
 PSYoungGen      total 35328K, used 32768K [0x00000000eb400000, 0x00000000ed900000, 0x0000000100000000)
  eden space 32768K, 100% used [0x00000000eb400000,0x00000000ed400000,0x00000000ed400000)
  from space 2560K, 0% used [0x00000000ed680000,0x00000000ed680000,0x00000000ed900000)
  to   space 2560K, 0% used [0x00000000ed400000,0x00000000ed400000,0x00000000ed680000)
 ParOldGen       total 57856K, used 22368K [0x00000000c1c00000, 0x00000000c5480000, 0x00000000eb400000)
  object space 57856K, 38% used [0x00000000c1c00000,0x00000000c31d80a0,0x00000000c5480000)
 PSPermGen       total 36352K, used 20633K [0x00000000bca00000, 0x00000000bed80000, 0x00000000c1c00000)
  object space 36352K, 56% used [0x00000000bca00000,0x00000000bde26648,0x00000000bed80000)
Event: 3.370 GC heap after
Heap after GC invocations=10 (full 1):
 PSYoungGen      total 35328K, used 2538K [0x00000000eb400000, 0x00000000ed900000, 0x0000000100000000)
  eden space 32768K, 0% used [0x00000000eb400000,0x00000000eb400000,0x00000000ed400000)
  from space 2560K, 99% used [0x00000000ed400000,0x00000000ed67abc0,0x00000000ed680000)
  to   space 2560K, 0% used [0x00000000ed680000,0x00000000ed680000,0x00000000ed900000)
 ParOldGen       total 57856K, used 25601K [0x00000000c1c00000, 0x00000000c5480000, 0x00000000eb400000)
  object space 57856K, 44% used [0x00000000c1c00000,0x00000000c3500420,0x00000000c5480000)
 PSPermGen       total 36352K, used 20633K [0x00000000bca00000, 0x00000000bed80000, 0x00000000c1c00000)
  object space 36352K, 56% used [0x00000000bca00000,0x00000000bde26648,0x00000000bed80000)
}

